# JRE version: OpenJDK Runtime Environment (8.0_242) (build 1.8.0_242-release-1644-b3-6222593)
# Java VM: OpenJDK 64-Bit Server VM (25.242-b3-6222593 mixed mode linux-amd64 compressed oops)
Heap:
 PSYoungGen      total 326656K, used 14098K [0x00000000d5580000, 0x00000000eee80000, 0x0000000100000000)
  eden space 294400K, 0% used [0x00000000d5580000,0x00000000d5580000,0x00000000e7500000)
  from space 32256K, 43% used [0x00000000ea300000,0x00000000eb0c4be0,0x00000000ec280000)
  to   space 47104K, 0% used [0x00000000e7500000,0x00000000e7500000,0x00000000ea300000)
 ParOldGen       total 87040K, used 86752K [0x0000000080000000, 0x0000000085500000, 0x00000000d5580000)
  object space 87040K, 99% used [0x0000000080000000,0x00000000854b83b8,0x0000000085500000)
 Metaspace       used 85590K, capacity 89382K, committed 90392K, reserved 1126400K
  class space    used 11615K, capacity 12379K, committed 12592K, reserved 1048576K
GC Heap History (10 events):
Event: 8,166 GC heap after
Heap after GC invocations=15 (full 3):
 PSYoungGen      total 229888K, used 0K [0x00000000d5580000, 0x00000000e4a00000, 0x0000000100000000)
  eden space 213504K, 0% used [0x00000000d5580000,0x00000000d5580000,0x00000000e2600000)
  from space 16384K, 0% used [0x00000000e3a00000,0x00000000e3a00000,0x00000000e4a00000)
  to   space 18432K, 0% used [0x00000000e2600000,0x00000000e2600000,0x00000000e3800000)
 ParOldGen       total 83456K, used 34572K [0x0000000080000000, 0x0000000085180000, 0x00000000d5580000)
  object space 83456K, 41% used [0x0000000080000000,0x00000000821c33f0,0x0000000085180000)
 Metaspace       used 57110K, capacity 59078K, committed 59160K, reserved 1099776K
  class space    used 7744K, capacity 8195K, committed 8240K, reserved 1048576K
}
Event: 10,999 GC heap before
{Heap before GC invocations=16 (full 3):
 PSYoungGen      total 229888K, used 213504K [0x00000000d5580000, 0x00000000e4a00000, 0x0000000100000000)
  eden space 213504K, 100% used [0x00000000d5580000,0x00000000e2600000,0x00000000e2600000)
  from space 16384K, 0% used [0x00000000e3a00000,0x00000000e3a00000,0x00000000e4a00000)
  to   space 18432K, 0% used [0x00000000e2600000,0x00000000e2600000,0x00000000e3800000)
 ParOldGen       total 83456K, used 34572K [0x0000000080000000, 0x0000000085180000, 0x00000000d5580000)
  object space 83456K, 41% used [0x0000000080000000,0x00000000821c33f0,0x0000000085180000)
 Metaspace       used 63529K, capacity 66100K, committed 66328K, reserved 1105920K
  class space    used 8678K, capacity 9230K, committed 9264K, reserved 1048576K
Event: 11,026 GC heap after
Heap after GC invocations=16 (full 3):
 PSYoungGen      total 231936K, used 18415K [0x00000000d5580000, 0x00000000e7d80000, 0x0000000100000000)
  eden space 213504K, 0% used [0x00000000d5580000,0x00000000d5580000,0x00000000e2600000)
  from space 18432K, 99% used [0x00000000e2600000,0x00000000e37fbe88,0x00000000e3800000)
  to   space 21504K, 0% used [0x00000000e6880000,0x00000000e6880000,0x00000000e7d80000)
 ParOldGen       total 83456K, used 35595K [0x0000000080000000, 0x0000000085180000, 0x00000000d5580000)
  object space 83456K, 42% used [0x0000000080000000,0x00000000822c2f80,0x0000000085180000)
 Metaspace       used 63529K, capacity 66100K, committed 66328K, reserved 1105920K
  class space    used 8678K, capacity 9230K, committed 9264K, reserved 1048576K
}
Event: 13,340 GC heap before
{Heap before GC invocations=17 (full 3):
 PSYoungGen      total 231936K, used 231919K [0x00000000d5580000, 0x00000000e7d80000, 0x0000000100000000)
  eden space 213504K, 100% used [0x00000000d5580000,0x00000000e2600000,0x00000000e2600000)
  from space 18432K, 99% used [0x00000000e2600000,0x00000000e37fbe88,0x00000000e3800000)
  to   space 21504K, 0% used [0x00000000e6880000,0x00000000e6880000,0x00000000e7d80000)
 ParOldGen       total 83456K, used 35595K [0x0000000080000000, 0x0000000085180000, 0x00000000d5580000)
  object space 83456K, 42% used [0x0000000080000000,0x00000000822c2f80,0x0000000085180000)
 Metaspace       used 75241K, capacity 78156K, committed 78360K, reserved 1116160K
  class space    used 10117K, capacity 10724K, committed 10800K, reserved 1048576K
Event: 13,379 GC heap after
Heap after GC invocations=17 (full 3):
 PSYoungGen      total 278528K, used 20218K [0x00000000d5580000, 0x00000000e8200000, 0x0000000100000000)
  eden space 257024K, 0% used [0x00000000d5580000,0x00000000d5580000,0x00000000e5080000)
  from space 21504K, 94% used [0x00000000e6880000,0x00000000e7c3eb20,0x00000000e7d80000)
  to   space 24576K, 0% used [0x00000000e5080000,0x00000000e5080000,0x00000000e6880000)
 ParOldGen       total 83456K, used 50290K [0x0000000080000000, 0x0000000085180000, 0x00000000d5580000)
  object space 83456K, 60% used [0x0000000080000000,0x000000008311c868,0x0000000085180000)
 Metaspace       used 75241K, capacity 78156K, committed 78360K, reserved 1116160K
  class space    used 10117K, capacity 10724K, committed 10800K, reserved 1048576K
}
Event: 15,505 GC heap before
{Heap before GC invocations=18 (full 3):
 PSYoungGen      total 278528K, used 277242K [0x00000000d5580000, 0x00000000e8200000, 0x0000000100000000)
  eden space 257024K, 100% used [0x00000000d5580000,0x00000000e5080000,0x00000000e5080000)
  from space 21504K, 94% used [0x00000000e6880000,0x00000000e7c3eb20,0x00000000e7d80000)
  to   space 24576K, 0% used [0x00000000e5080000,0x00000000e5080000,0x00000000e6880000)
 ParOldGen       total 83456K, used 50290K [0x0000000080000000, 0x0000000085180000, 0x00000000d5580000)
  object space 83456K, 60% used [0x0000000080000000,0x000000008311c868,0x0000000085180000)
 Metaspace       used 85539K, capacity 89600K, committed 89880K, reserved 1126400K
  class space    used 11653K, capacity 12492K, committed 12592K, reserved 1048576K
Event: 15,540 GC heap after
Heap after GC invocations=18 (full 3):
 PSYoungGen      total 281600K, used 24544K [0x00000000d5580000, 0x00000000ec280000, 0x0000000100000000)
  eden space 257024K, 0% used [0x00000000d5580000,0x00000000d5580000,0x00000000e5080000)
  from space 24576K, 99% used [0x00000000e5080000,0x00000000e6878180,0x00000000e6880000)
  to   space 32256K, 0% used [0x00000000ea300000,0x00000000ea300000,0x00000000ec280000)
 ParOldGen       total 83456K, used 60990K [0x0000000080000000, 0x0000000085180000, 0x00000000d5580000)
  object space 83456K, 73% used [0x0000000080000000,0x0000000083b8f9f8,0x0000000085180000)
 Metaspace       used 85539K, capacity 89600K, committed 89880K, reserved 1126400K
  class space    used 11653K, capacity 12492K, committed 12592K, reserved 1048576K
}
Event: 16,442 GC heap before
{Heap before GC invocations=19 (full 3):
 PSYoungGen      total 281600K, used 281568K [0x00000000d5580000, 0x00000000ec280000, 0x0000000100000000)
  eden space 257024K, 100% used [0x00000000d5580000,0x00000000e5080000,0x00000000e5080000)
  from space 24576K, 99% used [0x00000000e5080000,0x00000000e6878180,0x00000000e6880000)
  to   space 32256K, 0% used [0x00000000ea300000,0x00000000ea300000,0x00000000ec280000)
 ParOldGen       total 83456K, used 60990K [0x0000000080000000, 0x0000000085180000, 0x00000000d5580000)
  object space 83456K, 73% used [0x0000000080000000,0x0000000083b8f9f8,0x0000000085180000)
 Metaspace       used 86030K, capacity 90156K, committed 90392K, reserved 1126400K
  class space    used 11703K, capacity 12538K, committed 12592K, reserved 1048576K
Event: 16,498 GC heap after
Heap after GC invocations=19 (full 3):
 PSYoungGen      total 326656K, used 32233K [0x00000000d5580000, 0x00000000eee80000, 0x0000000100000000)
  eden space 294400K, 0% used [0x00000000d5580000,0x00000000d5580000,0x00000000e7500000)
  from space 32256K, 99% used [0x00000000ea300000,0x00000000ec27a4a0,0x00000000ec280000)
  to   space 47104K, 0% used [0x00000000e7500000,0x00000000e7500000,0x00000000ea300000)
 ParOldGen       total 87040K, used 86982K [0x0000000080000000, 0x0000000085500000, 0x00000000d5580000)
  object space 87040K, 99% used [0x0000000080000000,0x00000000854f1958,0x0000000085500000)
 Metaspace       used 86030K, capacity 90156K, committed 90392K, reserved 1126400K
  class space    used 11703K, capacity 12538K, committed 12592K, reserved 1048576K
}
Event: 16,504 GC heap before
{Heap before GC invocations=20 (full 4):
 PSYoungGen      total 326656K, used 32233K [0x00000000d5580000, 0x00000000eee80000, 0x0000000100000000)
  eden space 294400K, 0% used [0x00000000d5580000,0x00000000d5580000,0x00000000e7500000)
  from space 32256K, 99% used [0x00000000ea300000,0x00000000ec27a4a0,0x00000000ec280000)
  to   space 47104K, 0% used [0x00000000e7500000,0x00000000e7500000,0x00000000ea300000)
 ParOldGen       total 87040K, used 86982K [0x0000000080000000, 0x0000000085500000, 0x00000000d5580000)
  object space 87040K, 99% used [0x0000000080000000,0x00000000854f1958,0x0000000085500000)
 Metaspace       used 86030K, capacity 90156K, committed 90392K, reserved 1126400K
  class space    used 11703K, capacity 12538K, committed 12592K, reserved 1048576K

